<?xml version="1.0" encoding="UTF-8"?>
<!-- Generated by org.testng.reporters.JUnitXMLReporter -->
<testsuite hostname="EN911042" ignored="4" name="Default test" tests="1" failures="0" timestamp="2020-10-08T19:09:52 COT" time="62.921" errors="0">
  <testcase name="ValidateCardWasMoved" time="35.71" classname="uiTests.ProjectBoardTest"/>
  <testcase name="UpdateDescription" time="0.0" classname="uiTests.ProjectBoardTest">
    <ignored/>
  </testcase> <!-- UpdateDescription -->
  <testcase name="CreateNewCard" time="0.0" classname="uiTests.ProjectBoardTest">
    <ignored/>
  </testcase> <!-- CreateNewCard -->
  <testcase name="MoveCardToList" time="0.0" classname="uiTests.ProjectBoardTest">
    <ignored/>
  </testcase> <!-- MoveCardToList -->
  <testcase name="AddCommentCard" time="0.0" classname="uiTests.ProjectBoardTest">
    <ignored/>
  </testcase> <!-- AddCommentCard -->
</testsuite> <!-- Default test -->
