<?xml version="1.0" encoding="UTF-8"?>
<testsuite xmlns:xsi="http://www.w3.org/2001/XMLSchema-instance" xsi:noNamespaceSchemaLocation="https://maven.apache.org/surefire/maven-surefire-plugin/xsd/surefire-test-report-3.0.xsd" version="3.0" name="TestSuite" time="25.043" tests="35" errors="0" skipped="25" failures="2">
  <properties>
[...]
</properties>
  <testcase name="validateCard" classname="apiTests.RestFullCard" time="3.06">
    <system-out><![CDATA[Request URI:	https://api.trello.com/1/cards/5f774bf2729f58605d3c2352?token=e07b3c393e2b0606d8e696d89c9f7e45fa6220a3585eb99393b3e809d629117c&key=82a1e0c4b01383fc2b220cc981639e71
Request URI:	https://api.trello.com/1/board/5f77456defd45f195cb8b8cd/lists
Body:
{
    "name": "Card to be Deleted",
    "desc": "This Card created is going to be deleted",
    "due": "2020-10-12",
    "email": "cesar.valero@gyp.com",
    "closed": false
}
Body:
{
    "name": "Prueba RestAsured",
    "desc": "Card created from Rest Assured with IntelliJ",
    "due": "2020-10-12",
    "email": "cesar.valero@gyp.com",
    "closed": false
}
Body:
{
    "text": "Type a Comment from IntelliJ using Rest Assured"
}
[TRACE] 2022-05-08 12:37:15.129 [TestNG-test=Test-1] RestFullCard - API Test 1 - Passed - ValidateLists 
[INFO ] 2022-05-08 12:37:15.137 [TestNG-test=Test-1] RestFullCard - The Number of lists in the Kanban project is: 7
[INFO ] 2022-05-08 12:37:15.138 [TestNG-test=Test-1] RestFullCard - The lists in Kanban are: 
[INFO ] 2022-05-08 12:37:15.138 [TestNG-test=Test-1] RestFullCard - Backlog
[INFO ] 2022-05-08 12:37:15.138 [TestNG-test=Test-1] RestFullCard - Design
[INFO ] 2022-05-08 12:37:15.139 [TestNG-test=Test-1] RestFullCard - To Do
[INFO ] 2022-05-08 12:37:15.141 [TestNG-test=Test-1] RestFullCard - Doing
[INFO ] 2022-05-08 12:37:15.142 [TestNG-test=Test-1] RestFullCard - Code Review
[INFO ] 2022-05-08 12:37:15.142 [TestNG-test=Test-1] RestFullCard - Testing
[INFO ] 2022-05-08 12:37:15.142 [TestNG-test=Test-1] RestFullCard - Done
[INFO ] 2022-05-08 12:37:15.160 [TestNG-test=Test-5] RestFullCard - API Test 5 - Passed - ValidateAddNewComment 
[INFO ] 2022-05-08 12:37:15.160 [TestNG-test=Test-2] RestFullCard - API Test 2 - Passed - ValidateCard 
[INFO ] 2022-05-08 12:37:15.161 [TestNG-test=Test-5] RestFullCard - New Comment added to the Card 6277ffb7ebefea73f83ad84f
[INFO ] 2022-05-08 12:37:15.161 [TestNG-test=Test-2] RestFullCard - The Name of the Card validated is: prueba
Request URI:	https://api.trello.com/1/cards/6277ffb7e649ca72b6f94965?token=e07b3c393e2b0606d8e696d89c9f7e45fa6220a3585eb99393b3e809d629117c&key=82a1e0c4b01383fc2b220cc981639e71
]]></system-out>
    <system-err><![CDATA[log4j:WARN No appenders could be found for logger (org.apache.http.impl.conn.BasicClientConnectionManager).
log4j:WARN Please initialize the log4j system properly.
log4j:WARN No appenders could be found for logger (org.apache.http.impl.conn.BasicClientConnectionManager).
log4j:WARN See http://logging.apache.org/log4j/1.2/faq.html#noconfig for more info.
log4j:WARN Please initialize the log4j system properly.
log4j:WARN See http://logging.apache.org/log4j/1.2/faq.html#noconfig for more info.
]]></system-err>
  </testcase>
  <testcase name="validateLists" classname="apiTests.RestFullCard" time="3.062"/>
  <testcase name="validateAddNewComment" classname="apiTests.RestFullCard" time="3.062"/>
  <testcase name="createNewCard" classname="apiTests.RestFullCard" time="0.085">
    <system-out><![CDATA[Body:
{
    "name": null,
    "desc": "The Description has been modified from IntelliJ",
    "due": "2020-11-08",
    "email": null,
    "closed": false
}
Request URI:	https://api.trello.com/1/cards/5f7d1f1340802349ec44a5df?token=e07b3c393e2b0606d8e696d89c9f7e45fa6220a3585eb99393b3e809d629117c&key=82a1e0c4b01383fc2b220cc981639e71&idList=5f77456defd45f195cb8b8d0
Body:
{
    "name": "Card to be Close",
    "desc": "This Card created is going to be Closed",
    "due": "2020-10-12",
    "email": "cesar.valero@gyp.com",
    "closed": false
}
[INFO ] 2022-05-08 12:37:15.267 [TestNG-test=Test-3] RestFullCard - API Test 3 - Passed - CreateNewCard 
[INFO ] 2022-05-08 12:37:15.268 [TestNG-test=Test-3] RestFullCard - The Id of the New Card is: 6277ffb73085c3768f98a38f
]]></system-out>
  </testcase>
  <testcase name="validateUpdateCard" classname="apiTests.RestFullCard" time="0.305">
    <system-out><![CDATA[[INFO ] 2022-05-08 12:37:15.705 [TestNG-test=Test-5] RestFullCard - API Test 7 - Passed - validateUpdateCard 
[INFO ] 2022-05-08 12:37:15.706 [TestNG-test=Test-5] RestFullCard - Description updated:  The Description has been modified from IntelliJ
[INFO ] 2022-05-08 12:37:15.707 [TestNG-test=Test-5] RestFullCard - New Due Date updated:  2020-11-08T00:00:00.000Z
]]></system-out>
  </testcase>
  <testcase name="validateMoveCardToList" classname="apiTests.RestFullCard" time="0.404">
    <system-out><![CDATA[Request URI:	https://api.trello.com/1/cards/6277ffb7e649ca72b6f94965?token=e07b3c393e2b0606d8e696d89c9f7e45fa6220a3585eb99393b3e809d629117c&key=82a1e0c4b01383fc2b220cc981639e71
[INFO ] 2022-05-08 12:37:15.786 [TestNG-test=Test-1] RestFullCard - API Test 6 - Passed - validateMoveCardToList 
[INFO ] 2022-05-08 12:37:15.787 [TestNG-test=Test-1] RestFullCard - The Card was move to the List To Do 
Body:
{
    "name": null,
    "desc": null,
    "due": null,
    "email": null,
    "closed": true
}
]]></system-out>
  </testcase>
  <testcase name="validateDeleteCard" classname="apiTests.RestFullCard" time="0.712">
    <system-out><![CDATA[[INFO ] 2022-05-08 12:37:16.114 [TestNG-test=Test-4] RestFullCard - API Test 4 - Passed - ValidateDeleteCard 
[INFO ] 2022-05-08 12:37:16.115 [TestNG-test=Test-4] RestFullCard - The Card was Deleted 
]]></system-out>
  </testcase>
  <testcase name="ValidateToCloseCard" classname="apiTests.RestFullCard" time="0.859">
    <system-out><![CDATA[[INFO ] 2022-05-08 12:37:16.264 [TestNG-test=Test-2] RestFullCard - API Test 8 - Passed - ValidateToCloseCard 
[INFO ] 2022-05-08 12:37:16.265 [TestNG-test=Test-2] RestFullCard - Is the Card closed?:  true
]]></system-out>
  </testcase>
  <testcase name="loadData" classname="uiTests.HomePageTests" time="9.863">
    <failure message="session not created: This version of ChromeDriver only supports Chrome version 86&#10;Current browser version is 101.0.4951.54 with binary path C:\Program Files (x86)\Google\Chrome\Application\chrome.exe&#10;Build info: version: &apos;3.141.59&apos;, revision: &apos;e82be7d358&apos;, time: &apos;2018-11-14T08:17:03&apos;&#10;System info: host: &apos;EN911415&apos;, ip: &apos;192.168.1.111&apos;, os.name: &apos;Windows 10&apos;, os.arch: &apos;amd64&apos;, os.version: &apos;10.0&apos;, java.version: &apos;15.0.1&apos;&#10;Driver info: driver.version: ChromeDriver&#10;remote stacktrace: Backtrace:&#10;	Ordinal0 [0x005DC013+3194899]&#10;	Ordinal0 [0x004C6021+2056225]&#10;	Ordinal0 [0x0035F608+587272]&#10;	Ordinal0 [0x002E1BF3+72691]&#10;	Ordinal0 [0x002DE229+57897]&#10;	Ordinal0 [0x002DC64A+50762]&#10;	Ordinal0 [0x00301EE9+204521]&#10;	Ordinal0 [0x00301D0D+204045]&#10;	Ordinal0 [0x002FFC1B+195611]&#10;	Ordinal0 [0x002E3B7F+80767]&#10;	Ordinal0 [0x002E4B4E+84814]&#10;	Ordinal0 [0x002E4AD9+84697]&#10;	Ordinal0 [0x004DCE64+2149988]&#10;	GetHandleVerifier [0x0074BE95+1400773]&#10;	GetHandleVerifier [0x0074BB61+1399953]&#10;	GetHandleVerifier [0x007531FA+1430314]&#10;	GetHandleVerifier [0x0074C69F+1402831]&#10;	Ordinal0 [0x004D3D61+2112865]&#10;	Ordinal0 [0x004DE5CB+2155979]&#10;	Ordinal0 [0x004DE6F5+2156277]&#10;	Ordinal0 [0x004EF26E+2224750]&#10;	BaseThreadInitThunk [0x76DFFA29+25]&#10;	RtlGetAppContainerNamedObjectPath [0x76F47A7E+286]&#10;	RtlGetAppContainerNamedObjectPath [0x76F47A4E+238]&#10;" type="org.openqa.selenium.SessionNotCreatedException"><![CDATA[org.openqa.selenium.SessionNotCreatedException: 
session not created: This version of ChromeDriver only supports Chrome version 86
Current browser version is 101.0.4951.54 with binary path C:\Program Files (x86)\Google\Chrome\Application\chrome.exe
Build info: version: '3.141.59', revision: 'e82be7d358', time: '2018-11-14T08:17:03'
System info: host: 'EN911415', ip: '192.168.1.111', os.name: 'Windows 10', os.arch: 'amd64', os.version: '10.0', java.version: '15.0.1'
Driver info: driver.version: ChromeDriver
remote stacktrace: Backtrace:
	Ordinal0 [0x005DC013+3194899]
	Ordinal0 [0x004C6021+2056225]
	Ordinal0 [0x0035F608+587272]
	Ordinal0 [0x002E1BF3+72691]
	Ordinal0 [0x002DE229+57897]
	Ordinal0 [0x002DC64A+50762]
	Ordinal0 [0x00301EE9+204521]
	Ordinal0 [0x00301D0D+204045]
	Ordinal0 [0x002FFC1B+195611]
	Ordinal0 [0x002E3B7F+80767]
	Ordinal0 [0x002E4B4E+84814]
	Ordinal0 [0x002E4AD9+84697]
	Ordinal0 [0x004DCE64+2149988]
	GetHandleVerifier [0x0074BE95+1400773]
	GetHandleVerifier [0x0074BB61+1399953]
	GetHandleVerifier [0x007531FA+1430314]
	GetHandleVerifier [0x0074C69F+1402831]
	Ordinal0 [0x004D3D61+2112865]
	Ordinal0 [0x004DE5CB+2155979]
	Ordinal0 [0x004DE6F5+2156277]
	Ordinal0 [0x004EF26E+2224750]
	BaseThreadInitThunk [0x76DFFA29+25]
	RtlGetAppContainerNamedObjectPath [0x76F47A7E+286]
	RtlGetAppContainerNamedObjectPath [0x76F47A4E+238]

]]></failure>
    <system-err><![CDATA[Starting ChromeDriver 86.0.4240.22 (398b0743353ff36fb1b82468f63a3a93b4e2e89e-refs/branch-heads/4240@{#378}) on port 43897
Only local connections are allowed.
Please see https://chromedriver.chromium.org/security-considerations for suggestions on keeping ChromeDriver safe.
ChromeDriver was started successfully.
]]></system-err>
  </testcase>
  <testcase name="loadData" classname="uiTests.HomePageTests" time="0">
    <skipped/>
  </testcase>
  <testcase name="loadData" classname="uiTests.HomePageTests" time="0">
    <skipped/>
  </testcase>
  <testcase name="loadData" classname="uiTests.HomePageTests" time="0">
    <skipped/>
  </testcase>
  <testcase name="validateLogin" classname="uiTests.HomePageTests" time="0">
    <skipped message="session not created: This version of ChromeDriver only supports Chrome version 86&#10;Current browser version is 101.0.4951.54 with binary path C:\Program Files (x86)\Google\Chrome\Application\chrome.exe&#10;Build info: version: &apos;3.141.59&apos;, revision: &apos;e82be7d358&apos;, time: &apos;2018-11-14T08:17:03&apos;&#10;System info: host: &apos;EN911415&apos;, ip: &apos;192.168.1.111&apos;, os.name: &apos;Windows 10&apos;, os.arch: &apos;amd64&apos;, os.version: &apos;10.0&apos;, java.version: &apos;15.0.1&apos;&#10;Driver info: driver.version: ChromeDriver&#10;remote stacktrace: Backtrace:&#10;	Ordinal0 [0x005DC013+3194899]&#10;	Ordinal0 [0x004C6021+2056225]&#10;	Ordinal0 [0x0035F608+587272]&#10;	Ordinal0 [0x002E1BF3+72691]&#10;	Ordinal0 [0x002DE229+57897]&#10;	Ordinal0 [0x002DC64A+50762]&#10;	Ordinal0 [0x00301EE9+204521]&#10;	Ordinal0 [0x00301D0D+204045]&#10;	Ordinal0 [0x002FFC1B+195611]&#10;	Ordinal0 [0x002E3B7F+80767]&#10;	Ordinal0 [0x002E4B4E+84814]&#10;	Ordinal0 [0x002E4AD9+84697]&#10;	Ordinal0 [0x004DCE64+2149988]&#10;	GetHandleVerifier [0x0074BE95+1400773]&#10;	GetHandleVerifier [0x0074BB61+1399953]&#10;	GetHandleVerifier [0x007531FA+1430314]&#10;	GetHandleVerifier [0x0074C69F+1402831]&#10;	Ordinal0 [0x004D3D61+2112865]&#10;	Ordinal0 [0x004DE5CB+2155979]&#10;	Ordinal0 [0x004DE6F5+2156277]&#10;	Ordinal0 [0x004EF26E+2224750]&#10;	BaseThreadInitThunk [0x76DFFA29+25]&#10;	RtlGetAppContainerNamedObjectPath [0x76F47A7E+286]&#10;	RtlGetAppContainerNamedObjectPath [0x76F47A4E+238]&#10;"/>
  </testcase>
  <testcase name="afterClass" classname="uiTests.HomePageTests" time="0">
    <skipped/>
  </testcase>
  <testcase name="afterClass" classname="uiTests.HomePageTests" time="0">
    <skipped/>
  </testcase>
  <testcase name="afterClass" classname="uiTests.HomePageTests" time="0">
    <skipped/>
  </testcase>
  <testcase name="afterClass" classname="uiTests.HomePageTests" time="0">
    <skipped/>
  </testcase>
  <testcase name="validateHomePage" classname="uiTests.HomePageTests" time="0">
    <skipped message="session not created: This version of ChromeDriver only supports Chrome version 86&#10;Current browser version is 101.0.4951.54 with binary path C:\Program Files (x86)\Google\Chrome\Application\chrome.exe&#10;Build info: version: &apos;3.141.59&apos;, revision: &apos;e82be7d358&apos;, time: &apos;2018-11-14T08:17:03&apos;&#10;System info: host: &apos;EN911415&apos;, ip: &apos;192.168.1.111&apos;, os.name: &apos;Windows 10&apos;, os.arch: &apos;amd64&apos;, os.version: &apos;10.0&apos;, java.version: &apos;15.0.1&apos;&#10;Driver info: driver.version: ChromeDriver&#10;remote stacktrace: Backtrace:&#10;	Ordinal0 [0x005DC013+3194899]&#10;	Ordinal0 [0x004C6021+2056225]&#10;	Ordinal0 [0x0035F608+587272]&#10;	Ordinal0 [0x002E1BF3+72691]&#10;	Ordinal0 [0x002DE229+57897]&#10;	Ordinal0 [0x002DC64A+50762]&#10;	Ordinal0 [0x00301EE9+204521]&#10;	Ordinal0 [0x00301D0D+204045]&#10;	Ordinal0 [0x002FFC1B+195611]&#10;	Ordinal0 [0x002E3B7F+80767]&#10;	Ordinal0 [0x002E4B4E+84814]&#10;	Ordinal0 [0x002E4AD9+84697]&#10;	Ordinal0 [0x004DCE64+2149988]&#10;	GetHandleVerifier [0x0074BE95+1400773]&#10;	GetHandleVerifier [0x0074BB61+1399953]&#10;	GetHandleVerifier [0x007531FA+1430314]&#10;	GetHandleVerifier [0x0074C69F+1402831]&#10;	Ordinal0 [0x004D3D61+2112865]&#10;	Ordinal0 [0x004DE5CB+2155979]&#10;	Ordinal0 [0x004DE6F5+2156277]&#10;	Ordinal0 [0x004EF26E+2224750]&#10;	BaseThreadInitThunk [0x76DFFA29+25]&#10;	RtlGetAppContainerNamedObjectPath [0x76F47A7E+286]&#10;	RtlGetAppContainerNamedObjectPath [0x76F47A4E+238]&#10;"/>
  </testcase>
  <testcase name="validatePersonalProject" classname="uiTests.HomePageTests" time="0">
    <skipped message="session not created: This version of ChromeDriver only supports Chrome version 86&#10;Current browser version is 101.0.4951.54 with binary path C:\Program Files (x86)\Google\Chrome\Application\chrome.exe&#10;Build info: version: &apos;3.141.59&apos;, revision: &apos;e82be7d358&apos;, time: &apos;2018-11-14T08:17:03&apos;&#10;System info: host: &apos;EN911415&apos;, ip: &apos;192.168.1.111&apos;, os.name: &apos;Windows 10&apos;, os.arch: &apos;amd64&apos;, os.version: &apos;10.0&apos;, java.version: &apos;15.0.1&apos;&#10;Driver info: driver.version: ChromeDriver&#10;remote stacktrace: Backtrace:&#10;	Ordinal0 [0x005DC013+3194899]&#10;	Ordinal0 [0x004C6021+2056225]&#10;	Ordinal0 [0x0035F608+587272]&#10;	Ordinal0 [0x002E1BF3+72691]&#10;	Ordinal0 [0x002DE229+57897]&#10;	Ordinal0 [0x002DC64A+50762]&#10;	Ordinal0 [0x00301EE9+204521]&#10;	Ordinal0 [0x00301D0D+204045]&#10;	Ordinal0 [0x002FFC1B+195611]&#10;	Ordinal0 [0x002E3B7F+80767]&#10;	Ordinal0 [0x002E4B4E+84814]&#10;	Ordinal0 [0x002E4AD9+84697]&#10;	Ordinal0 [0x004DCE64+2149988]&#10;	GetHandleVerifier [0x0074BE95+1400773]&#10;	GetHandleVerifier [0x0074BB61+1399953]&#10;	GetHandleVerifier [0x007531FA+1430314]&#10;	GetHandleVerifier [0x0074C69F+1402831]&#10;	Ordinal0 [0x004D3D61+2112865]&#10;	Ordinal0 [0x004DE5CB+2155979]&#10;	Ordinal0 [0x004DE6F5+2156277]&#10;	Ordinal0 [0x004EF26E+2224750]&#10;	BaseThreadInitThunk [0x76DFFA29+25]&#10;	RtlGetAppContainerNamedObjectPath [0x76F47A7E+286]&#10;	RtlGetAppContainerNamedObjectPath [0x76F47A4E+238]&#10;"/>
  </testcase>
  <testcase name="validateScreenShotError" classname="uiTests.HomePageTests" time="0">
    <skipped message="session not created: This version of ChromeDriver only supports Chrome version 86&#10;Current browser version is 101.0.4951.54 with binary path C:\Program Files (x86)\Google\Chrome\Application\chrome.exe&#10;Build info: version: &apos;3.141.59&apos;, revision: &apos;e82be7d358&apos;, time: &apos;2018-11-14T08:17:03&apos;&#10;System info: host: &apos;EN911415&apos;, ip: &apos;192.168.1.111&apos;, os.name: &apos;Windows 10&apos;, os.arch: &apos;amd64&apos;, os.version: &apos;10.0&apos;, java.version: &apos;15.0.1&apos;&#10;Driver info: driver.version: ChromeDriver&#10;remote stacktrace: Backtrace:&#10;	Ordinal0 [0x005DC013+3194899]&#10;	Ordinal0 [0x004C6021+2056225]&#10;	Ordinal0 [0x0035F608+587272]&#10;	Ordinal0 [0x002E1BF3+72691]&#10;	Ordinal0 [0x002DE229+57897]&#10;	Ordinal0 [0x002DC64A+50762]&#10;	Ordinal0 [0x00301EE9+204521]&#10;	Ordinal0 [0x00301D0D+204045]&#10;	Ordinal0 [0x002FFC1B+195611]&#10;	Ordinal0 [0x002E3B7F+80767]&#10;	Ordinal0 [0x002E4B4E+84814]&#10;	Ordinal0 [0x002E4AD9+84697]&#10;	Ordinal0 [0x004DCE64+2149988]&#10;	GetHandleVerifier [0x0074BE95+1400773]&#10;	GetHandleVerifier [0x0074BB61+1399953]&#10;	GetHandleVerifier [0x007531FA+1430314]&#10;	GetHandleVerifier [0x0074C69F+1402831]&#10;	Ordinal0 [0x004D3D61+2112865]&#10;	Ordinal0 [0x004DE5CB+2155979]&#10;	Ordinal0 [0x004DE6F5+2156277]&#10;	Ordinal0 [0x004EF26E+2224750]&#10;	BaseThreadInitThunk [0x76DFFA29+25]&#10;	RtlGetAppContainerNamedObjectPath [0x76F47A7E+286]&#10;	RtlGetAppContainerNamedObjectPath [0x76F47A4E+238]&#10;"/>
  </testcase>
  <testcase name="loadData" classname="uiTests.ProjectBoardTest" time="8.599">
    <failure message="session not created: This version of ChromeDriver only supports Chrome version 86&#10;Current browser version is 101.0.4951.54 with binary path C:\Program Files (x86)\Google\Chrome\Application\chrome.exe&#10;Build info: version: &apos;3.141.59&apos;, revision: &apos;e82be7d358&apos;, time: &apos;2018-11-14T08:17:03&apos;&#10;System info: host: &apos;EN911415&apos;, ip: &apos;192.168.1.111&apos;, os.name: &apos;Windows 10&apos;, os.arch: &apos;amd64&apos;, os.version: &apos;10.0&apos;, java.version: &apos;15.0.1&apos;&#10;Driver info: driver.version: ChromeDriver&#10;remote stacktrace: Backtrace:&#10;	Ordinal0 [0x005DC013+3194899]&#10;	Ordinal0 [0x004C6021+2056225]&#10;	Ordinal0 [0x0035F608+587272]&#10;	Ordinal0 [0x002E1BF3+72691]&#10;	Ordinal0 [0x002DE229+57897]&#10;	Ordinal0 [0x002DC64A+50762]&#10;	Ordinal0 [0x00301EE9+204521]&#10;	Ordinal0 [0x00301D0D+204045]&#10;	Ordinal0 [0x002FFC1B+195611]&#10;	Ordinal0 [0x002E3B7F+80767]&#10;	Ordinal0 [0x002E4B4E+84814]&#10;	Ordinal0 [0x002E4AD9+84697]&#10;	Ordinal0 [0x004DCE64+2149988]&#10;	GetHandleVerifier [0x0074BE95+1400773]&#10;	GetHandleVerifier [0x0074BB61+1399953]&#10;	GetHandleVerifier [0x007531FA+1430314]&#10;	GetHandleVerifier [0x0074C69F+1402831]&#10;	Ordinal0 [0x004D3D61+2112865]&#10;	Ordinal0 [0x004DE5CB+2155979]&#10;	Ordinal0 [0x004DE6F5+2156277]&#10;	Ordinal0 [0x004EF26E+2224750]&#10;	BaseThreadInitThunk [0x76DFFA29+25]&#10;	RtlGetAppContainerNamedObjectPath [0x76F47A7E+286]&#10;	RtlGetAppContainerNamedObjectPath [0x76F47A4E+238]&#10;" type="org.openqa.selenium.SessionNotCreatedException"><![CDATA[org.openqa.selenium.SessionNotCreatedException: 
session not created: This version of ChromeDriver only supports Chrome version 86
Current browser version is 101.0.4951.54 with binary path C:\Program Files (x86)\Google\Chrome\Application\chrome.exe
Build info: version: '3.141.59', revision: 'e82be7d358', time: '2018-11-14T08:17:03'
System info: host: 'EN911415', ip: '192.168.1.111', os.name: 'Windows 10', os.arch: 'amd64', os.version: '10.0', java.version: '15.0.1'
Driver info: driver.version: ChromeDriver
remote stacktrace: Backtrace:
	Ordinal0 [0x005DC013+3194899]
	Ordinal0 [0x004C6021+2056225]
	Ordinal0 [0x0035F608+587272]
	Ordinal0 [0x002E1BF3+72691]
	Ordinal0 [0x002DE229+57897]
	Ordinal0 [0x002DC64A+50762]
	Ordinal0 [0x00301EE9+204521]
	Ordinal0 [0x00301D0D+204045]
	Ordinal0 [0x002FFC1B+195611]
	Ordinal0 [0x002E3B7F+80767]
	Ordinal0 [0x002E4B4E+84814]
	Ordinal0 [0x002E4AD9+84697]
	Ordinal0 [0x004DCE64+2149988]
	GetHandleVerifier [0x0074BE95+1400773]
	GetHandleVerifier [0x0074BB61+1399953]
	GetHandleVerifier [0x007531FA+1430314]
	GetHandleVerifier [0x0074C69F+1402831]
	Ordinal0 [0x004D3D61+2112865]
	Ordinal0 [0x004DE5CB+2155979]
	Ordinal0 [0x004DE6F5+2156277]
	Ordinal0 [0x004EF26E+2224750]
	BaseThreadInitThunk [0x76DFFA29+25]
	RtlGetAppContainerNamedObjectPath [0x76F47A7E+286]
	RtlGetAppContainerNamedObjectPath [0x76F47A4E+238]

]]></failure>
    <system-err><![CDATA[Starting ChromeDriver 86.0.4240.22 (398b0743353ff36fb1b82468f63a3a93b4e2e89e-refs/branch-heads/4240@{#378}) on port 27597
Only local connections are allowed.
Please see https://chromedriver.chromium.org/security-considerations for suggestions on keeping ChromeDriver safe.
ChromeDriver was started successfully.
]]></system-err>
  </testcase>
  <testcase name="loadData" classname="uiTests.ProjectBoardTest" time="0">
    <skipped/>
  </testcase>
  <testcase name="loadData" classname="uiTests.ProjectBoardTest" time="0">
    <skipped/>
  </testcase>
  <testcase name="loadData" classname="uiTests.ProjectBoardTest" time="0">
    <skipped/>
  </testcase>
  <testcase name="loadData" classname="uiTests.ProjectBoardTest" time="0">
    <skipped/>
  </testcase>
  <testcase name="CreateNewCard" classname="uiTests.ProjectBoardTest" time="0">
    <skipped message="session not created: This version of ChromeDriver only supports Chrome version 86&#10;Current browser version is 101.0.4951.54 with binary path C:\Program Files (x86)\Google\Chrome\Application\chrome.exe&#10;Build info: version: &apos;3.141.59&apos;, revision: &apos;e82be7d358&apos;, time: &apos;2018-11-14T08:17:03&apos;&#10;System info: host: &apos;EN911415&apos;, ip: &apos;192.168.1.111&apos;, os.name: &apos;Windows 10&apos;, os.arch: &apos;amd64&apos;, os.version: &apos;10.0&apos;, java.version: &apos;15.0.1&apos;&#10;Driver info: driver.version: ChromeDriver&#10;remote stacktrace: Backtrace:&#10;	Ordinal0 [0x005DC013+3194899]&#10;	Ordinal0 [0x004C6021+2056225]&#10;	Ordinal0 [0x0035F608+587272]&#10;	Ordinal0 [0x002E1BF3+72691]&#10;	Ordinal0 [0x002DE229+57897]&#10;	Ordinal0 [0x002DC64A+50762]&#10;	Ordinal0 [0x00301EE9+204521]&#10;	Ordinal0 [0x00301D0D+204045]&#10;	Ordinal0 [0x002FFC1B+195611]&#10;	Ordinal0 [0x002E3B7F+80767]&#10;	Ordinal0 [0x002E4B4E+84814]&#10;	Ordinal0 [0x002E4AD9+84697]&#10;	Ordinal0 [0x004DCE64+2149988]&#10;	GetHandleVerifier [0x0074BE95+1400773]&#10;	GetHandleVerifier [0x0074BB61+1399953]&#10;	GetHandleVerifier [0x007531FA+1430314]&#10;	GetHandleVerifier [0x0074C69F+1402831]&#10;	Ordinal0 [0x004D3D61+2112865]&#10;	Ordinal0 [0x004DE5CB+2155979]&#10;	Ordinal0 [0x004DE6F5+2156277]&#10;	Ordinal0 [0x004EF26E+2224750]&#10;	BaseThreadInitThunk [0x76DFFA29+25]&#10;	RtlGetAppContainerNamedObjectPath [0x76F47A7E+286]&#10;	RtlGetAppContainerNamedObjectPath [0x76F47A4E+238]&#10;"/>
  </testcase>
  <testcase name="afterClass" classname="uiTests.ProjectBoardTest" time="0">
    <skipped/>
  </testcase>
  <testcase name="afterClass" classname="uiTests.ProjectBoardTest" time="0">
    <skipped/>
  </testcase>
  <testcase name="afterClass" classname="uiTests.ProjectBoardTest" time="0">
    <skipped/>
  </testcase>
  <testcase name="afterClass" classname="uiTests.ProjectBoardTest" time="0">
    <skipped/>
  </testcase>
  <testcase name="afterClass" classname="uiTests.ProjectBoardTest" time="0">
    <skipped/>
  </testcase>
  <testcase name="UpdateDescription" classname="uiTests.ProjectBoardTest" time="0">
    <skipped message="session not created: This version of ChromeDriver only supports Chrome version 86&#10;Current browser version is 101.0.4951.54 with binary path C:\Program Files (x86)\Google\Chrome\Application\chrome.exe&#10;Build info: version: &apos;3.141.59&apos;, revision: &apos;e82be7d358&apos;, time: &apos;2018-11-14T08:17:03&apos;&#10;System info: host: &apos;EN911415&apos;, ip: &apos;192.168.1.111&apos;, os.name: &apos;Windows 10&apos;, os.arch: &apos;amd64&apos;, os.version: &apos;10.0&apos;, java.version: &apos;15.0.1&apos;&#10;Driver info: driver.version: ChromeDriver&#10;remote stacktrace: Backtrace:&#10;	Ordinal0 [0x005DC013+3194899]&#10;	Ordinal0 [0x004C6021+2056225]&#10;	Ordinal0 [0x0035F608+587272]&#10;	Ordinal0 [0x002E1BF3+72691]&#10;	Ordinal0 [0x002DE229+57897]&#10;	Ordinal0 [0x002DC64A+50762]&#10;	Ordinal0 [0x00301EE9+204521]&#10;	Ordinal0 [0x00301D0D+204045]&#10;	Ordinal0 [0x002FFC1B+195611]&#10;	Ordinal0 [0x002E3B7F+80767]&#10;	Ordinal0 [0x002E4B4E+84814]&#10;	Ordinal0 [0x002E4AD9+84697]&#10;	Ordinal0 [0x004DCE64+2149988]&#10;	GetHandleVerifier [0x0074BE95+1400773]&#10;	GetHandleVerifier [0x0074BB61+1399953]&#10;	GetHandleVerifier [0x007531FA+1430314]&#10;	GetHandleVerifier [0x0074C69F+1402831]&#10;	Ordinal0 [0x004D3D61+2112865]&#10;	Ordinal0 [0x004DE5CB+2155979]&#10;	Ordinal0 [0x004DE6F5+2156277]&#10;	Ordinal0 [0x004EF26E+2224750]&#10;	BaseThreadInitThunk [0x76DFFA29+25]&#10;	RtlGetAppContainerNamedObjectPath [0x76F47A7E+286]&#10;	RtlGetAppContainerNamedObjectPath [0x76F47A4E+238]&#10;"/>
  </testcase>
  <testcase name="AddCommentCard" classname="uiTests.ProjectBoardTest" time="0">
    <skipped message="session not created: This version of ChromeDriver only supports Chrome version 86&#10;Current browser version is 101.0.4951.54 with binary path C:\Program Files (x86)\Google\Chrome\Application\chrome.exe&#10;Build info: version: &apos;3.141.59&apos;, revision: &apos;e82be7d358&apos;, time: &apos;2018-11-14T08:17:03&apos;&#10;System info: host: &apos;EN911415&apos;, ip: &apos;192.168.1.111&apos;, os.name: &apos;Windows 10&apos;, os.arch: &apos;amd64&apos;, os.version: &apos;10.0&apos;, java.version: &apos;15.0.1&apos;&#10;Driver info: driver.version: ChromeDriver&#10;remote stacktrace: Backtrace:&#10;	Ordinal0 [0x005DC013+3194899]&#10;	Ordinal0 [0x004C6021+2056225]&#10;	Ordinal0 [0x0035F608+587272]&#10;	Ordinal0 [0x002E1BF3+72691]&#10;	Ordinal0 [0x002DE229+57897]&#10;	Ordinal0 [0x002DC64A+50762]&#10;	Ordinal0 [0x00301EE9+204521]&#10;	Ordinal0 [0x00301D0D+204045]&#10;	Ordinal0 [0x002FFC1B+195611]&#10;	Ordinal0 [0x002E3B7F+80767]&#10;	Ordinal0 [0x002E4B4E+84814]&#10;	Ordinal0 [0x002E4AD9+84697]&#10;	Ordinal0 [0x004DCE64+2149988]&#10;	GetHandleVerifier [0x0074BE95+1400773]&#10;	GetHandleVerifier [0x0074BB61+1399953]&#10;	GetHandleVerifier [0x007531FA+1430314]&#10;	GetHandleVerifier [0x0074C69F+1402831]&#10;	Ordinal0 [0x004D3D61+2112865]&#10;	Ordinal0 [0x004DE5CB+2155979]&#10;	Ordinal0 [0x004DE6F5+2156277]&#10;	Ordinal0 [0x004EF26E+2224750]&#10;	BaseThreadInitThunk [0x76DFFA29+25]&#10;	RtlGetAppContainerNamedObjectPath [0x76F47A7E+286]&#10;	RtlGetAppContainerNamedObjectPath [0x76F47A4E+238]&#10;"/>
  </testcase>
  <testcase name="MoveCardToList" classname="uiTests.ProjectBoardTest" time="0">
    <skipped message="session not created: This version of ChromeDriver only supports Chrome version 86&#10;Current browser version is 101.0.4951.54 with binary path C:\Program Files (x86)\Google\Chrome\Application\chrome.exe&#10;Build info: version: &apos;3.141.59&apos;, revision: &apos;e82be7d358&apos;, time: &apos;2018-11-14T08:17:03&apos;&#10;System info: host: &apos;EN911415&apos;, ip: &apos;192.168.1.111&apos;, os.name: &apos;Windows 10&apos;, os.arch: &apos;amd64&apos;, os.version: &apos;10.0&apos;, java.version: &apos;15.0.1&apos;&#10;Driver info: driver.version: ChromeDriver&#10;remote stacktrace: Backtrace:&#10;	Ordinal0 [0x005DC013+3194899]&#10;	Ordinal0 [0x004C6021+2056225]&#10;	Ordinal0 [0x0035F608+587272]&#10;	Ordinal0 [0x002E1BF3+72691]&#10;	Ordinal0 [0x002DE229+57897]&#10;	Ordinal0 [0x002DC64A+50762]&#10;	Ordinal0 [0x00301EE9+204521]&#10;	Ordinal0 [0x00301D0D+204045]&#10;	Ordinal0 [0x002FFC1B+195611]&#10;	Ordinal0 [0x002E3B7F+80767]&#10;	Ordinal0 [0x002E4B4E+84814]&#10;	Ordinal0 [0x002E4AD9+84697]&#10;	Ordinal0 [0x004DCE64+2149988]&#10;	GetHandleVerifier [0x0074BE95+1400773]&#10;	GetHandleVerifier [0x0074BB61+1399953]&#10;	GetHandleVerifier [0x007531FA+1430314]&#10;	GetHandleVerifier [0x0074C69F+1402831]&#10;	Ordinal0 [0x004D3D61+2112865]&#10;	Ordinal0 [0x004DE5CB+2155979]&#10;	Ordinal0 [0x004DE6F5+2156277]&#10;	Ordinal0 [0x004EF26E+2224750]&#10;	BaseThreadInitThunk [0x76DFFA29+25]&#10;	RtlGetAppContainerNamedObjectPath [0x76F47A7E+286]&#10;	RtlGetAppContainerNamedObjectPath [0x76F47A4E+238]&#10;"/>
  </testcase>
  <testcase name="ValidateCardWasMoved" classname="uiTests.ProjectBoardTest" time="0">
    <skipped message="session not created: This version of ChromeDriver only supports Chrome version 86&#10;Current browser version is 101.0.4951.54 with binary path C:\Program Files (x86)\Google\Chrome\Application\chrome.exe&#10;Build info: version: &apos;3.141.59&apos;, revision: &apos;e82be7d358&apos;, time: &apos;2018-11-14T08:17:03&apos;&#10;System info: host: &apos;EN911415&apos;, ip: &apos;192.168.1.111&apos;, os.name: &apos;Windows 10&apos;, os.arch: &apos;amd64&apos;, os.version: &apos;10.0&apos;, java.version: &apos;15.0.1&apos;&#10;Driver info: driver.version: ChromeDriver&#10;remote stacktrace: Backtrace:&#10;	Ordinal0 [0x005DC013+3194899]&#10;	Ordinal0 [0x004C6021+2056225]&#10;	Ordinal0 [0x0035F608+587272]&#10;	Ordinal0 [0x002E1BF3+72691]&#10;	Ordinal0 [0x002DE229+57897]&#10;	Ordinal0 [0x002DC64A+50762]&#10;	Ordinal0 [0x00301EE9+204521]&#10;	Ordinal0 [0x00301D0D+204045]&#10;	Ordinal0 [0x002FFC1B+195611]&#10;	Ordinal0 [0x002E3B7F+80767]&#10;	Ordinal0 [0x002E4B4E+84814]&#10;	Ordinal0 [0x002E4AD9+84697]&#10;	Ordinal0 [0x004DCE64+2149988]&#10;	GetHandleVerifier [0x0074BE95+1400773]&#10;	GetHandleVerifier [0x0074BB61+1399953]&#10;	GetHandleVerifier [0x007531FA+1430314]&#10;	GetHandleVerifier [0x0074C69F+1402831]&#10;	Ordinal0 [0x004D3D61+2112865]&#10;	Ordinal0 [0x004DE5CB+2155979]&#10;	Ordinal0 [0x004DE6F5+2156277]&#10;	Ordinal0 [0x004EF26E+2224750]&#10;	BaseThreadInitThunk [0x76DFFA29+25]&#10;	RtlGetAppContainerNamedObjectPath [0x76F47A7E+286]&#10;	RtlGetAppContainerNamedObjectPath [0x76F47A4E+238]&#10;"/>
  </testcase>
</testsuite>