<?xml version="1.0" encoding="UTF-8"?>
<testng-results skipped="0" failed="0" ignored="4" total="5" passed="1">
  <reporter-output>
  </reporter-output>
  <suite name="Default suite" duration-ms="62921" started-at="2020-10-08T19:08:49 COT" finished-at="2020-10-08T19:09:52 COT">
    <groups>
    </groups>
    <test name="Default test" duration-ms="62921" started-at="2020-10-08T19:08:49 COT" finished-at="2020-10-08T19:09:52 COT">
      <class name="uiTests.ProjectBoardTest">
        <test-method status="PASS" signature="beforeClass()[pri:0, instance:uiTests.ProjectBoardTest@7fb4f2a9]" name="beforeClass" is-config="true" duration-ms="30" started-at="2020-10-08T19:08:49 COT" finished-at="2020-10-08T19:08:49 COT">
          <reporter-output>
          </reporter-output>
        </test-method> <!-- beforeClass -->
        <test-method status="PASS" signature="loadData()[pri:0, instance:uiTests.ProjectBoardTest@7fb4f2a9]" name="loadData" is-config="true" duration-ms="25152" started-at="2020-10-08T19:08:49 COT" finished-at="2020-10-08T19:09:14 COT">
          <reporter-output>
          </reporter-output>
        </test-method> <!-- loadData -->
        <test-method status="PASS" signature="ValidateCardWasMoved()[pri:5, instance:uiTests.ProjectBoardTest@7fb4f2a9]" name="ValidateCardWasMoved" duration-ms="35710" started-at="2020-10-08T19:09:14 COT" description="Validate The card was moved with the second way." finished-at="2020-10-08T19:09:50 COT">
          <reporter-output>
          </reporter-output>
        </test-method> <!-- ValidateCardWasMoved -->
        <test-method status="PASS" signature="afterClass(org.testng.ITestResult)[pri:0, instance:uiTests.ProjectBoardTest@7fb4f2a9]" name="afterClass" is-config="true" duration-ms="1736" started-at="2020-10-08T19:09:50 COT" finished-at="2020-10-08T19:09:52 COT">
          <params>
            <param index="0">
              <value>
                <![CDATA[[TestResult name=ValidateCardWasMoved status=SUCCESS method=ProjectBoardTest.ValidateCardWasMoved()[pri:5, instance:uiTests.ProjectBoardTest@7fb4f2a9] output={null}]]]>
              </value>
            </param>
          </params>
          <reporter-output>
          </reporter-output>
        </test-method> <!-- afterClass -->
      </class> <!-- uiTests.ProjectBoardTest -->
    </test> <!-- Default test -->
  </suite> <!-- Default suite -->
</testng-results>
