<?xml version="1.0" encoding="UTF-8"?>
<!-- Generated by org.testng.reporters.JUnitXMLReporter -->
<testsuite ignored="0" hostname="EN911042" failures="0" tests="8" name="Test" time="5.461" errors="0" timestamp="2020-10-08T19:13:23 COT">
  <testcase classname="apiTests.RestFullCard" name="validateAddNewComment" time="3.119"/>
  <testcase classname="apiTests.RestFullCard" name="createNewCard" time="3.126"/>
  <testcase classname="apiTests.RestFullCard" name="validateCard" time="3.117"/>
  <testcase classname="apiTests.RestFullCard" name="validateLists" time="3.113"/>
  <testcase classname="apiTests.RestFullCard" name="validateMoveCardToList" time="0.444"/>
  <testcase classname="apiTests.RestFullCard" name="validateUpdateCard" time="0.446"/>
  <testcase classname="apiTests.RestFullCard" name="validateDeleteCard" time="3.897"/>
  <testcase classname="apiTests.RestFullCard" name="ValidateToCloseCard" time="0.995"/>
</testsuite> <!-- Test -->
