<?xml version="1.0" encoding="UTF-8"?>
<!-- Generated by org.testng.reporters.JUnitXMLReporter -->
<testsuite hostname="EN911042" ignored="0" name="Test" tests="8" failures="0" timestamp="2020-10-07T17:15:58 COT" time="10.05" errors="0">
  <testcase name="createNewCard" time="6.911" classname="apiTests.RestFullCard"/>
  <testcase name="validateCard" time="6.89" classname="apiTests.RestFullCard"/>
  <testcase name="validateAddNewComment" time="7.0" classname="apiTests.RestFullCard"/>
  <testcase name="validateLists" time="7.016" classname="apiTests.RestFullCard"/>
  <testcase name="validateMoveCardToList" time="0.675" classname="apiTests.RestFullCard"/>
  <testcase name="validateUpdateCard" time="0.738" classname="apiTests.RestFullCard"/>
  <testcase name="validateDeleteCard" time="8.196" classname="apiTests.RestFullCard"/>
  <testcase name="ValidateToCloseCard" time="1.458" classname="apiTests.RestFullCard"/>
</testsuite> <!-- Test -->
